{"/Users/stacipeterson/サービス開発事業/clean-report/frontend/src/components/Report/ReportList.tsx": {"path":"/Users/stacipeterson/サービス開発事業/clean-report/frontend/src/components/Report/ReportList.tsx","statementMap":{"0":{"start":{"line":11,"column":13},"end":{"line":102,"column":null}},"1":{"start":{"line":16,"column":18},"end":{"line":16,"column":54}},"2":{"start":{"line":17,"column":18},"end":{"line":17,"column":46}},"3":{"start":{"line":18,"column":16},"end":{"line":18,"column":57}},"4":{"start":{"line":20,"column":2},"end":{"line":22,"column":null}},"5":{"start":{"line":21,"column":4},"end":{"line":21,"column":null}},"6":{"start":{"line":24,"column":22},"end":{"line":34,"column":null}},"7":{"start":{"line":25,"column":4},"end":{"line":34,"column":null}},"8":{"start":{"line":26,"column":6},"end":{"line":26,"column":null}},"9":{"start":{"line":27,"column":6},"end":{"line":27,"column":null}},"10":{"start":{"line":28,"column":19},"end":{"line":28,"column":71}},"11":{"start":{"line":29,"column":6},"end":{"line":29,"column":null}},"12":{"start":{"line":31,"column":6},"end":{"line":31,"column":null}},"13":{"start":{"line":32,"column":6},"end":{"line":32,"column":null}},"14":{"start":{"line":34,"column":6},"end":{"line":34,"column":null}},"15":{"start":{"line":38,"column":2},"end":{"line":45,"column":null}},"16":{"start":{"line":39,"column":4},"end":{"line":45,"column":null}},"17":{"start":{"line":49,"column":2},"end":{"line":52,"column":null}},"18":{"start":{"line":50,"column":4},"end":{"line":52,"column":null}},"19":{"start":{"line":57,"column":2},"end":{"line":61,"column":null}},"20":{"start":{"line":58,"column":4},"end":{"line":61,"column":null}},"21":{"start":{"line":66,"column":2},"end":{"line":102,"column":null}},"22":{"start":{"line":69,"column":8},"end":{"line":100,"column":null}},"23":{"start":{"line":71,"column":25},"end":{"line":71,"column":47}}},"fnMap":{"0":{"name":"(anonymous_0)","decl":{"start":{"line":11,"column":13},"end":{"line":11,"column":54}},"loc":{"start":{"line":15,"column":6},"end":{"line":102,"column":null}},"line":15},"1":{"name":"(anonymous_1)","decl":{"start":{"line":20,"column":2},"end":{"line":20,"column":18}},"loc":{"start":{"line":20,"column":18},"end":{"line":22,"column":6}},"line":20},"2":{"name":"(anonymous_2)","decl":{"start":{"line":24,"column":22},"end":{"line":24,"column":34}},"loc":{"start":{"line":24,"column":34},"end":{"line":34,"column":null}},"line":24},"3":{"name":"(anonymous_3)","decl":{"start":{"line":68,"column":15},"end":{"line":68,"column":20}},"loc":{"start":{"line":69,"column":8},"end":{"line":100,"column":null}},"line":69},"4":{"name":"(anonymous_4)","decl":{"start":{"line":71,"column":10},"end":{"line":71,"column":25}},"loc":{"start":{"line":71,"column":25},"end":{"line":71,"column":47}},"line":71}},"branchMap":{"0":{"loc":{"start":{"line":14,"column":2},"end":{"line":14,"column":null}},"type":"default-arg","locations":[{"start":{"line":14,"column":19},"end":{"line":14,"column":null}}],"line":14},"1":{"loc":{"start":{"line":38,"column":2},"end":{"line":45,"column":null}},"type":"if","locations":[{"start":{"line":38,"column":2},"end":{"line":45,"column":null}},{"start":{},"end":{}}],"line":38},"2":{"loc":{"start":{"line":49,"column":2},"end":{"line":52,"column":null}},"type":"if","locations":[{"start":{"line":49,"column":2},"end":{"line":52,"column":null}},{"start":{},"end":{}}],"line":49},"3":{"loc":{"start":{"line":57,"column":2},"end":{"line":61,"column":null}},"type":"if","locations":[{"start":{"line":57,"column":2},"end":{"line":61,"column":null}},{"start":{},"end":{}}],"line":57},"4":{"loc":{"start":{"line":80,"column":17},"end":{"line":83,"column":24}},"type":"binary-expr","locations":[{"start":{"line":80,"column":17},"end":{"line":80,"column":null}},{"start":{"line":81,"column":18},"end":{"line":83,"column":24}}],"line":80},"5":{"loc":{"start":{"line":83,"column":17},"end":{"line":86,"column":null}},"type":"binary-expr","locations":[{"start":{"line":83,"column":17},"end":{"line":83,"column":null}},{"start":{"line":84,"column":18},"end":{"line":86,"column":null}}],"line":83},"6":{"loc":{"start":{"line":92,"column":16},"end":{"line":94,"column":null}},"type":"cond-expr","locations":[{"start":{"line":93,"column":20},"end":{"line":93,"column":null}},{"start":{"line":94,"column":20},"end":{"line":94,"column":null}}],"line":92},"7":{"loc":{"start":{"line":96,"column":17},"end":{"line":96,"column":null}},"type":"cond-expr","locations":[{"start":{"line":96,"column":53},"end":{"line":96,"column":64}},{"start":{"line":96,"column":64},"end":{"line":96,"column":null}}],"line":96}},"s":{"0":1,"1":15,"2":15,"3":15,"4":15,"5":7,"6":15,"7":7,"8":7,"9":7,"10":7,"11":5,"12":1,"13":1,"14":6,"15":15,"16":7,"17":8,"18":1,"19":7,"20":1,"21":6,"22":6,"23":1},"f":{"0":15,"1":7,"2":7,"3":6,"4":1},"b":{"0":[15],"1":[7,8],"2":[1,7],"3":[1,6],"4":[6,6],"5":[6,6],"6":[6,0],"7":[6,0]},"meta":{"lastBranch":8,"lastFunction":5,"lastStatement":24,"seen":{"s:11:13:102:Infinity":0,"f:11:13:11:54":0,"b:14:19:14:Infinity":0,"s:16:18:16:54":1,"s:17:18:17:46":2,"s:18:16:18:57":3,"s:20:2:22:Infinity":4,"f:20:2:20:18":1,"s:21:4:21:Infinity":5,"s:24:22:34:Infinity":6,"f:24:22:24:34":2,"s:25:4:34:Infinity":7,"s:26:6:26:Infinity":8,"s:27:6:27:Infinity":9,"s:28:19:28:71":10,"s:29:6:29:Infinity":11,"s:31:6:31:Infinity":12,"s:32:6:32:Infinity":13,"s:34:6:34:Infinity":14,"b:38:2:45:Infinity:undefined:undefined:undefined:undefined":1,"s:38:2:45:Infinity":15,"s:39:4:45:Infinity":16,"b:49:2:52:Infinity:undefined:undefined:undefined:undefined":2,"s:49:2:52:Infinity":17,"s:50:4:52:Infinity":18,"b:57:2:61:Infinity:undefined:undefined:undefined:undefined":3,"s:57:2:61:Infinity":19,"s:58:4:61:Infinity":20,"s:66:2:102:Infinity":21,"f:68:15:68:20":3,"s:69:8:100:Infinity":22,"f:71:10:71:25":4,"s:71:25:71:47":23,"b:80:17:80:Infinity:81:18:83:24":4,"b:83:17:83:Infinity:84:18:86:Infinity":5,"b:93:20:93:Infinity:94:20:94:Infinity":6,"b:96:53:96:64:96:64:96:Infinity":7}}}
,"/Users/stacipeterson/サービス開発事業/clean-report/frontend/src/services/api.ts": {"path":"/Users/stacipeterson/サービス開発事業/clean-report/frontend/src/services/api.ts","statementMap":{"0":{"start":{"line":3,"column":21},"end":{"line":3,"column":null}},"1":{"start":{"line":5,"column":18},"end":{"line":7,"column":null}},"2":{"start":{"line":10,"column":0},"end":{"line":16,"column":null}},"3":{"start":{"line":11,"column":22},"end":{"line":11,"column":56}},"4":{"start":{"line":12,"column":2},"end":{"line":13,"column":null}},"5":{"start":{"line":13,"column":4},"end":{"line":13,"column":null}},"6":{"start":{"line":15,"column":2},"end":{"line":15,"column":null}},"7":{"start":{"line":19,"column":0},"end":{"line":28,"column":null}},"8":{"start":{"line":20,"column":16},"end":{"line":20,"column":null}},"9":{"start":{"line":22,"column":4},"end":{"line":24,"column":null}},"10":{"start":{"line":23,"column":6},"end":{"line":23,"column":null}},"11":{"start":{"line":24,"column":6},"end":{"line":24,"column":null}},"12":{"start":{"line":26,"column":4},"end":{"line":26,"column":null}}},"fnMap":{"0":{"name":"(anonymous_0)","decl":{"start":{"line":10,"column":31},"end":{"line":10,"column":36}},"loc":{"start":{"line":10,"column":47},"end":{"line":16,"column":null}},"line":10},"1":{"name":"(anonymous_1)","decl":{"start":{"line":19,"column":32},"end":{"line":19,"column":null}},"loc":{"start":{"line":20,"column":16},"end":{"line":20,"column":null}},"line":20},"2":{"name":"(anonymous_2)","decl":{"start":{"line":20,"column":16},"end":{"line":20,"column":null}},"loc":{"start":{"line":21,"column":13},"end":{"line":28,"column":null}},"line":21}},"branchMap":{"0":{"loc":{"start":{"line":3,"column":21},"end":{"line":3,"column":null}},"type":"binary-expr","locations":[{"start":{"line":3,"column":21},"end":{"line":3,"column":58}},{"start":{"line":3,"column":58},"end":{"line":3,"column":null}}],"line":3},"1":{"loc":{"start":{"line":12,"column":2},"end":{"line":13,"column":null}},"type":"if","locations":[{"start":{"line":12,"column":2},"end":{"line":13,"column":null}},{"start":{},"end":{}}],"line":12},"2":{"loc":{"start":{"line":22,"column":4},"end":{"line":24,"column":null}},"type":"if","locations":[{"start":{"line":22,"column":4},"end":{"line":24,"column":null}},{"start":{},"end":{}}],"line":22}},"s":{"0":1,"1":1,"2":1,"3":10,"4":10,"5":0,"6":10,"7":1,"8":10,"9":0,"10":0,"11":0,"12":0},"f":{"0":10,"1":10,"2":0},"b":{"0":[1,0],"1":[0,10],"2":[0,0]},"meta":{"lastBranch":3,"lastFunction":3,"lastStatement":13,"seen":{"s:3:21:3:Infinity":0,"b:3:21:3:58:3:58:3:Infinity":0,"s:5:18:7:Infinity":1,"s:10:0:16:Infinity":2,"f:10:31:10:36":0,"s:11:22:11:56":3,"b:12:2:13:Infinity:undefined:undefined:undefined:undefined":1,"s:12:2:13:Infinity":4,"s:13:4:13:Infinity":5,"s:15:2:15:Infinity":6,"s:19:0:28:Infinity":7,"f:19:32:19:Infinity":1,"s:20:16:20:Infinity":8,"f:20:16:20:Infinity":2,"b:22:4:24:Infinity:undefined:undefined:undefined:undefined":2,"s:22:4:24:Infinity":9,"s:23:6:23:Infinity":10,"s:24:6:24:Infinity":11,"s:26:4:26:Infinity":12}}}
,"/Users/stacipeterson/サービス開発事業/clean-report/frontend/src/services/report.service.ts": {"path":"/Users/stacipeterson/サービス開発事業/clean-report/frontend/src/services/report.service.ts","statementMap":{"0":{"start":{"line":46,"column":29},"end":{"line":120,"column":null}},"1":{"start":{"line":48,"column":21},"end":{"line":48,"column":59}},"2":{"start":{"line":49,"column":4},"end":{"line":49,"column":null}},"3":{"start":{"line":53,"column":21},"end":{"line":53,"column":58}},"4":{"start":{"line":54,"column":4},"end":{"line":54,"column":null}},"5":{"start":{"line":58,"column":21},"end":{"line":58,"column":75}},"6":{"start":{"line":59,"column":4},"end":{"line":59,"column":null}},"7":{"start":{"line":63,"column":21},"end":{"line":63,"column":61}},"8":{"start":{"line":64,"column":4},"end":{"line":64,"column":null}},"9":{"start":{"line":68,"column":21},"end":{"line":68,"column":64}},"10":{"start":{"line":69,"column":4},"end":{"line":69,"column":null}},"11":{"start":{"line":73,"column":21},"end":{"line":73,"column":66}},"12":{"start":{"line":74,"column":4},"end":{"line":74,"column":null}},"13":{"start":{"line":78,"column":4},"end":{"line":78,"column":null}},"14":{"start":{"line":82,"column":21},"end":{"line":85,"column":6}},"15":{"start":{"line":86,"column":4},"end":{"line":86,"column":null}},"16":{"start":{"line":90,"column":21},"end":{"line":90,"column":35}},"17":{"start":{"line":91,"column":4},"end":{"line":91,"column":null}},"18":{"start":{"line":92,"column":4},"end":{"line":93,"column":null}},"19":{"start":{"line":93,"column":6},"end":{"line":93,"column":null}},"20":{"start":{"line":95,"column":21},"end":{"line":99,"column":6}},"21":{"start":{"line":100,"column":4},"end":{"line":100,"column":null}},"22":{"start":{"line":104,"column":4},"end":{"line":104,"column":null}},"23":{"start":{"line":108,"column":21},"end":{"line":108,"column":79}},"24":{"start":{"line":109,"column":4},"end":{"line":109,"column":null}},"25":{"start":{"line":113,"column":4},"end":{"line":113,"column":null}},"26":{"start":{"line":117,"column":21},"end":{"line":117,"column":91}},"27":{"start":{"line":118,"column":4},"end":{"line":118,"column":null}}},"fnMap":{"0":{"name":"(anonymous_0)","decl":{"start":{"line":47,"column":8},"end":{"line":47,"column":21}},"loc":{"start":{"line":47,"column":61},"end":{"line":49,"column":null}},"line":47},"1":{"name":"(anonymous_1)","decl":{"start":{"line":52,"column":8},"end":{"line":52,"column":22}},"loc":{"start":{"line":52,"column":51},"end":{"line":54,"column":null}},"line":52},"2":{"name":"(anonymous_2)","decl":{"start":{"line":57,"column":8},"end":{"line":57,"column":29}},"loc":{"start":{"line":57,"column":68},"end":{"line":59,"column":null}},"line":57},"3":{"name":"(anonymous_3)","decl":{"start":{"line":62,"column":8},"end":{"line":62,"column":44}},"loc":{"start":{"line":62,"column":44},"end":{"line":64,"column":null}},"line":62},"4":{"name":"(anonymous_4)","decl":{"start":{"line":67,"column":8},"end":{"line":67,"column":21}},"loc":{"start":{"line":67,"column":73},"end":{"line":69,"column":null}},"line":67},"5":{"name":"(anonymous_5)","decl":{"start":{"line":72,"column":8},"end":{"line":72,"column":21}},"loc":{"start":{"line":72,"column":50},"end":{"line":74,"column":null}},"line":72},"6":{"name":"(anonymous_6)","decl":{"start":{"line":77,"column":8},"end":{"line":77,"column":21}},"loc":{"start":{"line":77,"column":48},"end":{"line":78,"column":null}},"line":77},"7":{"name":"(anonymous_7)","decl":{"start":{"line":81,"column":8},"end":{"line":81,"column":20}},"loc":{"start":{"line":81,"column":97},"end":{"line":86,"column":null}},"line":81},"8":{"name":"(anonymous_8)","decl":{"start":{"line":89,"column":8},"end":{"line":89,"column":24}},"loc":{"start":{"line":89,"column":95},"end":{"line":100,"column":null}},"line":89},"9":{"name":"(anonymous_9)","decl":{"start":{"line":103,"column":8},"end":{"line":103,"column":20}},"loc":{"start":{"line":103,"column":70},"end":{"line":104,"column":null}},"line":103},"10":{"name":"(anonymous_10)","decl":{"start":{"line":107,"column":8},"end":{"line":107,"column":20}},"loc":{"start":{"line":107,"column":130},"end":{"line":109,"column":null}},"line":107},"11":{"name":"(anonymous_11)","decl":{"start":{"line":112,"column":8},"end":{"line":112,"column":20}},"loc":{"start":{"line":112,"column":70},"end":{"line":113,"column":null}},"line":112},"12":{"name":"(anonymous_12)","decl":{"start":{"line":116,"column":8},"end":{"line":116,"column":21}},"loc":{"start":{"line":116,"column":78},"end":{"line":118,"column":null}},"line":116}},"branchMap":{"0":{"loc":{"start":{"line":84,"column":16},"end":{"line":84,"column":null}},"type":"binary-expr","locations":[{"start":{"line":84,"column":16},"end":{"line":84,"column":28}},{"start":{"line":84,"column":28},"end":{"line":84,"column":null}}],"line":84},"1":{"loc":{"start":{"line":92,"column":4},"end":{"line":93,"column":null}},"type":"if","locations":[{"start":{"line":92,"column":4},"end":{"line":93,"column":null}},{"start":{},"end":{}}],"line":92}},"s":{"0":1,"1":1,"2":1,"3":2,"4":2,"5":2,"6":2,"7":0,"8":0,"9":0,"10":0,"11":1,"12":1,"13":1,"14":1,"15":1,"16":0,"17":0,"18":0,"19":0,"20":0,"21":0,"22":0,"23":1,"24":1,"25":0,"26":1,"27":1},"f":{"0":1,"1":2,"2":2,"3":0,"4":0,"5":1,"6":1,"7":1,"8":0,"9":0,"10":1,"11":0,"12":1},"b":{"0":[1,0],"1":[0,0]},"meta":{"lastBranch":2,"lastFunction":13,"lastStatement":28,"seen":{"s:46:29:120:Infinity":0,"f:47:8:47:21":0,"s:48:21:48:59":1,"s:49:4:49:Infinity":2,"f:52:8:52:22":1,"s:53:21:53:58":3,"s:54:4:54:Infinity":4,"f:57:8:57:29":2,"s:58:21:58:75":5,"s:59:4:59:Infinity":6,"f:62:8:62:44":3,"s:63:21:63:61":7,"s:64:4:64:Infinity":8,"f:67:8:67:21":4,"s:68:21:68:64":9,"s:69:4:69:Infinity":10,"f:72:8:72:21":5,"s:73:21:73:66":11,"s:74:4:74:Infinity":12,"f:77:8:77:21":6,"s:78:4:78:Infinity":13,"f:81:8:81:20":7,"s:82:21:85:6":14,"b:84:16:84:28:84:28:84:Infinity":0,"s:86:4:86:Infinity":15,"f:89:8:89:24":8,"s:90:21:90:35":16,"s:91:4:91:Infinity":17,"b:92:4:93:Infinity:undefined:undefined:undefined:undefined":1,"s:92:4:93:Infinity":18,"s:93:6:93:Infinity":19,"s:95:21:99:6":20,"s:100:4:100:Infinity":21,"f:103:8:103:20":9,"s:104:4:104:Infinity":22,"f:107:8:107:20":10,"s:108:21:108:79":23,"s:109:4:109:Infinity":24,"f:112:8:112:20":11,"s:113:4:113:Infinity":25,"f:116:8:116:21":12,"s:117:21:117:91":26,"s:118:4:118:Infinity":27}}}
,"/Users/stacipeterson/サービス開発事業/clean-report/frontend/src/test/mswServer.ts": {"path":"/Users/stacipeterson/サービス開発事業/clean-report/frontend/src/test/mswServer.ts","statementMap":{"0":{"start":{"line":4,"column":13},"end":{"line":4,"column":52}}},"fnMap":{},"branchMap":{},"s":{"0":3},"f":{},"b":{},"meta":{"lastBranch":0,"lastFunction":0,"lastStatement":1,"seen":{"s:4:13:4:52":0}}}
,"/Users/stacipeterson/サービス開発事業/clean-report/frontend/src/test/handlers/reportHandlers.ts": {"path":"/Users/stacipeterson/サービス開発事業/clean-report/frontend/src/test/handlers/reportHandlers.ts","statementMap":{"0":{"start":{"line":3,"column":20},"end":{"line":18,"column":null}},"1":{"start":{"line":21,"column":30},"end":{"line":121,"column":null}},"2":{"start":{"line":23,"column":4},"end":{"line":23,"column":null}},"3":{"start":{"line":27,"column":4},"end":{"line":27,"column":null}},"4":{"start":{"line":31,"column":4},"end":{"line":31,"column":null}},"5":{"start":{"line":35,"column":17},"end":{"line":35,"column":37}},"6":{"start":{"line":36,"column":22},"end":{"line":50,"column":null}},"7":{"start":{"line":51,"column":4},"end":{"line":51,"column":null}},"8":{"start":{"line":55,"column":17},"end":{"line":55,"column":37}},"9":{"start":{"line":56,"column":4},"end":{"line":60,"column":null}},"10":{"start":{"line":64,"column":4},"end":{"line":68,"column":null}},"11":{"start":{"line":72,"column":4},"end":{"line":72,"column":null}},"12":{"start":{"line":76,"column":17},"end":{"line":76,"column":37}},"13":{"start":{"line":77,"column":4},"end":{"line":83,"column":null}},"14":{"start":{"line":87,"column":4},"end":{"line":87,"column":null}},"15":{"start":{"line":91,"column":17},"end":{"line":91,"column":37}},"16":{"start":{"line":92,"column":4},"end":{"line":101,"column":null}},"17":{"start":{"line":105,"column":4},"end":{"line":105,"column":null}},"18":{"start":{"line":109,"column":4},"end":{"line":119,"column":null}}},"fnMap":{"0":{"name":"(anonymous_0)","decl":{"start":{"line":22,"column":11},"end":{"line":22,"column":54}},"loc":{"start":{"line":22,"column":54},"end":{"line":24,"column":null}},"line":22},"1":{"name":"(anonymous_1)","decl":{"start":{"line":26,"column":11},"end":{"line":26,"column":42}},"loc":{"start":{"line":26,"column":42},"end":{"line":28,"column":null}},"line":26},"2":{"name":"(anonymous_2)","decl":{"start":{"line":30,"column":11},"end":{"line":30,"column":37}},"loc":{"start":{"line":30,"column":37},"end":{"line":32,"column":null}},"line":30},"3":{"name":"(anonymous_3)","decl":{"start":{"line":34,"column":28},"end":{"line":34,"column":35}},"loc":{"start":{"line":34,"column":51},"end":{"line":52,"column":null}},"line":34},"4":{"name":"(anonymous_4)","decl":{"start":{"line":54,"column":31},"end":{"line":54,"column":38}},"loc":{"start":{"line":54,"column":54},"end":{"line":61,"column":null}},"line":54},"5":{"name":"(anonymous_5)","decl":{"start":{"line":63,"column":12},"end":{"line":63,"column":45}},"loc":{"start":{"line":63,"column":45},"end":{"line":69,"column":null}},"line":63},"6":{"name":"(anonymous_6)","decl":{"start":{"line":71,"column":14},"end":{"line":71,"column":40}},"loc":{"start":{"line":71,"column":40},"end":{"line":73,"column":null}},"line":71},"7":{"name":"(anonymous_7)","decl":{"start":{"line":75,"column":45},"end":{"line":75,"column":52}},"loc":{"start":{"line":75,"column":68},"end":{"line":84,"column":null}},"line":75},"8":{"name":"(anonymous_8)","decl":{"start":{"line":86,"column":14},"end":{"line":86,"column":62}},"loc":{"start":{"line":86,"column":62},"end":{"line":88,"column":null}},"line":86},"9":{"name":"(anonymous_9)","decl":{"start":{"line":90,"column":45},"end":{"line":90,"column":52}},"loc":{"start":{"line":90,"column":68},"end":{"line":102,"column":null}},"line":90},"10":{"name":"(anonymous_10)","decl":{"start":{"line":104,"column":14},"end":{"line":104,"column":62}},"loc":{"start":{"line":104,"column":62},"end":{"line":106,"column":null}},"line":104},"11":{"name":"(anonymous_11)","decl":{"start":{"line":108,"column":12},"end":{"line":108,"column":68}},"loc":{"start":{"line":108,"column":68},"end":{"line":119,"column":null}},"line":108}},"branchMap":{"0":{"loc":{"start":{"line":98,"column":16},"end":{"line":98,"column":null}},"type":"binary-expr","locations":[{"start":{"line":98,"column":16},"end":{"line":98,"column":33}},{"start":{"line":98,"column":33},"end":{"line":98,"column":null}}],"line":98}},"s":{"0":3,"1":3,"2":2,"3":0,"4":2,"5":1,"6":1,"7":1,"8":0,"9":0,"10":1,"11":1,"12":1,"13":1,"14":0,"15":1,"16":1,"17":0,"18":1},"f":{"0":2,"1":0,"2":2,"3":1,"4":0,"5":1,"6":1,"7":1,"8":0,"9":1,"10":0,"11":1},"b":{"0":[1,0]},"meta":{"lastBranch":1,"lastFunction":12,"lastStatement":19,"seen":{"s:3:20:18:Infinity":0,"s:21:30:121:Infinity":1,"f:22:11:22:54":0,"s:23:4:23:Infinity":2,"f:26:11:26:42":1,"s:27:4:27:Infinity":3,"f:30:11:30:37":2,"s:31:4:31:Infinity":4,"f:34:28:34:35":3,"s:35:17:35:37":5,"s:36:22:50:Infinity":6,"s:51:4:51:Infinity":7,"f:54:31:54:38":4,"s:55:17:55:37":8,"s:56:4:60:Infinity":9,"f:63:12:63:45":5,"s:64:4:68:Infinity":10,"f:71:14:71:40":6,"s:72:4:72:Infinity":11,"f:75:45:75:52":7,"s:76:17:76:37":12,"s:77:4:83:Infinity":13,"f:86:14:86:62":8,"s:87:4:87:Infinity":14,"f:90:45:90:52":9,"s:91:17:91:37":15,"s:92:4:101:Infinity":16,"b:98:16:98:33:98:33:98:Infinity":0,"f:104:14:104:62":10,"s:105:4:105:Infinity":17,"f:108:12:108:68":11,"s:109:4:119:Infinity":18}}}
,"/Users/stacipeterson/サービス開発事業/clean-report/frontend/src/utils/dateFormatter.ts": {"path":"/Users/stacipeterson/サービス開発事業/clean-report/frontend/src/utils/dateFormatter.ts","statementMap":{"0":{"start":{"line":1,"column":13},"end":{"line":6,"column":null}},"1":{"start":{"line":2,"column":2},"end":{"line":6,"column":null}},"2":{"start":{"line":9,"column":13},"end":{"line":13,"column":null}},"3":{"start":{"line":10,"column":2},"end":{"line":13,"column":null}},"4":{"start":{"line":16,"column":13},"end":{"line":17,"column":null}},"5":{"start":{"line":17,"column":2},"end":{"line":17,"column":null}}},"fnMap":{"0":{"name":"(anonymous_0)","decl":{"start":{"line":1,"column":13},"end":{"line":1,"column":27}},"loc":{"start":{"line":1,"column":50},"end":{"line":6,"column":null}},"line":1},"1":{"name":"(anonymous_1)","decl":{"start":{"line":9,"column":13},"end":{"line":9,"column":27}},"loc":{"start":{"line":9,"column":50},"end":{"line":13,"column":null}},"line":9},"2":{"name":"(anonymous_2)","decl":{"start":{"line":16,"column":13},"end":{"line":16,"column":31}},"loc":{"start":{"line":16,"column":54},"end":{"line":17,"column":null}},"line":16}},"branchMap":{},"s":{"0":2,"1":11,"2":2,"3":5,"4":2,"5":2},"f":{"0":11,"1":5,"2":2},"b":{},"meta":{"lastBranch":0,"lastFunction":3,"lastStatement":6,"seen":{"s:1:13:6:Infinity":0,"f:1:13:1:27":0,"s:2:2:6:Infinity":1,"s:9:13:13:Infinity":2,"f:9:13:9:27":1,"s:10:2:13:Infinity":3,"s:16:13:17:Infinity":4,"f:16:13:16:31":2,"s:17:2:17:Infinity":5}}}
}
