<?xml version="1.0" encoding="UTF-8"?>
<coverage generated="1778085979284" clover="3.2.0">
  <project timestamp="1778085979284" name="All files">
    <metrics statements="48" coveredstatements="42" conditionals="19" coveredconditionals="16" methods="7" coveredmethods="6" elements="74" coveredelements="64" complexity="0" loc="48" ncloc="48" packages="2" files="4" classes="4"/>
    <package name="middleware">
      <metrics statements="26" coveredstatements="20" conditionals="8" coveredconditionals="5" methods="3" coveredmethods="2"/>
      <file name="auth.ts" path="/Users/stacipeterson/サービス開発事業/clean-report/backend/src/middleware/auth.ts">
        <metrics statements="16" coveredstatements="15" conditionals="5" coveredconditionals="5" methods="1" coveredmethods="1"/>
        <line num="2" count="1" type="stmt"/>
        <line num="3" count="1" type="stmt"/>
        <line num="9" count="1" type="stmt"/>
        <line num="10" count="8" type="stmt"/>
        <line num="11" count="8" type="stmt"/>
        <line num="12" count="8" type="cond" truecount="3" falsecount="0"/>
        <line num="13" count="2" type="stmt"/>
        <line num="16" count="6" type="stmt"/>
        <line num="17" count="6" type="stmt"/>
        <line num="19" count="6" type="cond" truecount="1" falsecount="0"/>
        <line num="20" count="4" type="stmt"/>
        <line num="23" count="2" type="stmt"/>
        <line num="24" count="2" type="stmt"/>
        <line num="26" count="6" type="cond" truecount="1" falsecount="0"/>
        <line num="27" count="6" type="stmt"/>
        <line num="29" count="0" type="stmt"/>
      </file>
      <file name="errorHandler.ts" path="/Users/stacipeterson/サービス開発事業/clean-report/backend/src/middleware/errorHandler.ts">
        <metrics statements="10" coveredstatements="5" conditionals="3" coveredconditionals="0" methods="2" coveredmethods="1"/>
        <line num="2" count="1" type="stmt"/>
        <line num="4" count="1" type="stmt"/>
        <line num="5" count="6" type="stmt"/>
        <line num="6" count="6" type="stmt"/>
        <line num="10" count="1" type="stmt"/>
        <line num="16" count="0" type="stmt"/>
        <line num="23" count="0" type="stmt"/>
        <line num="25" count="0" type="cond" truecount="0" falsecount="1"/>
        <line num="26" count="0" type="stmt"/>
        <line num="32" count="0" type="stmt"/>
      </file>
    </package>
    <package name="utils">
      <metrics statements="22" coveredstatements="22" conditionals="11" coveredconditionals="11" methods="4" coveredmethods="4"/>
      <file name="jwt.ts" path="/Users/stacipeterson/サービス開発事業/clean-report/backend/src/utils/jwt.ts">
        <metrics statements="17" coveredstatements="17" conditionals="8" coveredconditionals="8" methods="4" coveredmethods="4"/>
        <line num="1" count="2" type="stmt"/>
        <line num="9" count="2" type="cond" truecount="2" falsecount="0"/>
        <line num="10" count="2" type="cond" truecount="2" falsecount="0"/>
        <line num="11" count="2" type="cond" truecount="2" falsecount="0"/>
        <line num="12" count="2" type="cond" truecount="2" falsecount="0"/>
        <line num="14" count="2" type="stmt"/>
        <line num="15" count="10" type="stmt"/>
        <line num="18" count="2" type="stmt"/>
        <line num="19" count="7" type="stmt"/>
        <line num="22" count="2" type="stmt"/>
        <line num="23" count="13" type="stmt"/>
        <line num="24" count="13" type="stmt"/>
        <line num="26" count="7" type="stmt"/>
        <line num="30" count="2" type="stmt"/>
        <line num="31" count="6" type="stmt"/>
        <line num="32" count="6" type="stmt"/>
        <line num="34" count="3" type="stmt"/>
      </file>
      <file name="logger.ts" path="/Users/stacipeterson/サービス開発事業/clean-report/backend/src/utils/logger.ts">
        <metrics statements="5" coveredstatements="5" conditionals="3" coveredconditionals="3" methods="0" coveredmethods="0"/>
        <line num="1" count="1" type="stmt"/>
        <line num="3" count="1" type="cond" truecount="2" falsecount="0"/>
        <line num="5" count="1" type="stmt"/>
        <line num="20" count="1" type="cond" truecount="1" falsecount="0"/>
        <line num="21" count="1" type="stmt"/>
      </file>
    </package>
  </project>
</coverage>
