{"/Users/stacipeterson/サービス開発事業/clean-report/backend/src/middleware/auth.ts": {"path":"/Users/stacipeterson/サービス開発事業/clean-report/backend/src/middleware/auth.ts","statementMap":{"0":{"start":{"line":2,"column":0},"end":{"line":2,"column":61}},"1":{"start":{"line":3,"column":0},"end":{"line":3,"column":42}},"2":{"start":{"line":9,"column":28},"end":{"line":31,"column":1}},"3":{"start":{"line":10,"column":2},"end":{"line":30,"column":3}},"4":{"start":{"line":11,"column":23},"end":{"line":11,"column":48}},"5":{"start":{"line":12,"column":4},"end":{"line":14,"column":5}},"6":{"start":{"line":13,"column":6},"end":{"line":13,"column":73}},"7":{"start":{"line":16,"column":18},"end":{"line":16,"column":41}},"8":{"start":{"line":17,"column":20},"end":{"line":17,"column":44}},"9":{"start":{"line":19,"column":4},"end":{"line":21,"column":5}},"10":{"start":{"line":20,"column":6},"end":{"line":20,"column":58}},"11":{"start":{"line":23,"column":4},"end":{"line":23,"column":23}},"12":{"start":{"line":24,"column":4},"end":{"line":24,"column":11}},"13":{"start":{"line":26,"column":4},"end":{"line":28,"column":5}},"14":{"start":{"line":27,"column":6},"end":{"line":27,"column":73}},"15":{"start":{"line":29,"column":4},"end":{"line":29,"column":52}},"16":{"start":{"line":9,"column":13},"end":{"line":9,"column":28}}},"fnMap":{"0":{"name":"(anonymous_0)","decl":{"start":{"line":9,"column":28},"end":{"line":9,"column":29}},"loc":{"start":{"line":9,"column":84},"end":{"line":31,"column":1}}}},"branchMap":{"0":{"loc":{"start":{"line":12,"column":4},"end":{"line":14,"column":5}},"type":"if","locations":[{"start":{"line":12,"column":4},"end":{"line":14,"column":5}}]},"1":{"loc":{"start":{"line":12,"column":8},"end":{"line":12,"column":56}},"type":"binary-expr","locations":[{"start":{"line":12,"column":8},"end":{"line":12,"column":19}},{"start":{"line":12,"column":23},"end":{"line":12,"column":56}}]},"2":{"loc":{"start":{"line":19,"column":4},"end":{"line":21,"column":5}},"type":"if","locations":[{"start":{"line":19,"column":4},"end":{"line":21,"column":5}}]},"3":{"loc":{"start":{"line":26,"column":4},"end":{"line":28,"column":5}},"type":"if","locations":[{"start":{"line":26,"column":4},"end":{"line":28,"column":5}}]}},"s":{"0":1,"1":1,"2":1,"3":8,"4":8,"5":8,"6":2,"7":6,"8":6,"9":6,"10":4,"11":2,"12":2,"13":6,"14":6,"15":0,"16":1},"f":{"0":8},"b":{"0":[2],"1":[8,7],"2":[4],"3":[6]}}
,"/Users/stacipeterson/サービス開発事業/clean-report/backend/src/middleware/errorHandler.ts": {"path":"/Users/stacipeterson/サービス開発事業/clean-report/backend/src/middleware/errorHandler.ts","statementMap":{"0":{"start":{"line":2,"column":0},"end":{"line":2,"column":41}},"1":{"start":{"line":6,"column":4},"end":{"line":6,"column":19}},"2":{"start":{"line":5,"column":21},"end":{"line":5,"column":39}},"3":{"start":{"line":5,"column":48},"end":{"line":5,"column":63}},"4":{"start":{"line":4,"column":0},"end":{"line":4,"column":13}},"5":{"start":{"line":10,"column":28},"end":{"line":36,"column":1}},"6":{"start":{"line":16,"column":19},"end":{"line":21,"column":4}},"7":{"start":{"line":23,"column":2},"end":{"line":23,"column":41}},"8":{"start":{"line":25,"column":2},"end":{"line":30,"column":3}},"9":{"start":{"line":26,"column":4},"end":{"line":29,"column":7}},"10":{"start":{"line":32,"column":2},"end":{"line":35,"column":5}},"11":{"start":{"line":10,"column":13},"end":{"line":10,"column":28}}},"fnMap":{"0":{"name":"(anonymous_0)","decl":{"start":{"line":5,"column":2},"end":{"line":5,"column":21}},"loc":{"start":{"line":5,"column":63},"end":{"line":7,"column":3}}},"1":{"name":"(anonymous_1)","decl":{"start":{"line":10,"column":28},"end":{"line":10,"column":null}},"loc":{"start":{"line":15,"column":4},"end":{"line":36,"column":1}}}},"branchMap":{"0":{"loc":{"start":{"line":18,"column":11},"end":{"line":18,"column":55}},"type":"cond-expr","locations":[{"start":{"line":18,"column":34},"end":{"line":18,"column":43}},{"start":{"line":18,"column":46},"end":{"line":18,"column":55}}]},"1":{"loc":{"start":{"line":25,"column":2},"end":{"line":30,"column":3}},"type":"if","locations":[{"start":{"line":25,"column":2},"end":{"line":30,"column":3}}]}},"s":{"0":1,"1":6,"2":6,"3":6,"4":1,"5":1,"6":0,"7":0,"8":0,"9":0,"10":0,"11":1},"f":{"0":6,"1":0},"b":{"0":[0,0],"1":[0]}}
,"/Users/stacipeterson/サービス開発事業/clean-report/backend/src/utils/jwt.ts": {"path":"/Users/stacipeterson/サービス開発事業/clean-report/backend/src/utils/jwt.ts","statementMap":{"0":{"start":{"line":1,"column":0},"end":{"line":1,"column":48}},"1":{"start":{"line":9,"column":19},"end":{"line":9,"column":62}},"2":{"start":{"line":10,"column":27},"end":{"line":10,"column":82}},"3":{"start":{"line":11,"column":19},"end":{"line":11,"column":49}},"4":{"start":{"line":12,"column":27},"end":{"line":12,"column":65}},"5":{"start":{"line":14,"column":35},"end":{"line":16,"column":1}},"6":{"start":{"line":15,"column":2},"end":{"line":15,"column":73}},"7":{"start":{"line":14,"column":13},"end":{"line":14,"column":35}},"8":{"start":{"line":18,"column":36},"end":{"line":20,"column":1}},"9":{"start":{"line":19,"column":2},"end":{"line":19,"column":89}},"10":{"start":{"line":18,"column":13},"end":{"line":18,"column":36}},"11":{"start":{"line":22,"column":33},"end":{"line":28,"column":1}},"12":{"start":{"line":23,"column":2},"end":{"line":27,"column":3}},"13":{"start":{"line":24,"column":4},"end":{"line":24,"column":55}},"14":{"start":{"line":26,"column":4},"end":{"line":26,"column":16}},"15":{"start":{"line":22,"column":13},"end":{"line":22,"column":33}},"16":{"start":{"line":30,"column":34},"end":{"line":36,"column":1}},"17":{"start":{"line":31,"column":2},"end":{"line":35,"column":3}},"18":{"start":{"line":32,"column":4},"end":{"line":32,"column":63}},"19":{"start":{"line":34,"column":4},"end":{"line":34,"column":16}},"20":{"start":{"line":30,"column":13},"end":{"line":30,"column":34}}},"fnMap":{"0":{"name":"(anonymous_1)","decl":{"start":{"line":14,"column":35},"end":{"line":14,"column":36}},"loc":{"start":{"line":14,"column":67},"end":{"line":16,"column":1}}},"1":{"name":"(anonymous_2)","decl":{"start":{"line":18,"column":36},"end":{"line":18,"column":37}},"loc":{"start":{"line":18,"column":68},"end":{"line":20,"column":1}}},"2":{"name":"(anonymous_3)","decl":{"start":{"line":22,"column":33},"end":{"line":22,"column":34}},"loc":{"start":{"line":22,"column":70},"end":{"line":28,"column":1}}},"3":{"name":"(anonymous_4)","decl":{"start":{"line":30,"column":34},"end":{"line":30,"column":35}},"loc":{"start":{"line":30,"column":71},"end":{"line":36,"column":1}}}},"branchMap":{"0":{"loc":{"start":{"line":9,"column":19},"end":{"line":9,"column":62}},"type":"binary-expr","locations":[{"start":{"line":9,"column":19},"end":{"line":9,"column":41}},{"start":{"line":9,"column":45},"end":{"line":9,"column":62}}]},"1":{"loc":{"start":{"line":10,"column":27},"end":{"line":10,"column":82}},"type":"binary-expr","locations":[{"start":{"line":10,"column":27},"end":{"line":10,"column":57}},{"start":{"line":10,"column":61},"end":{"line":10,"column":82}}]},"2":{"loc":{"start":{"line":11,"column":19},"end":{"line":11,"column":49}},"type":"binary-expr","locations":[{"start":{"line":11,"column":19},"end":{"line":11,"column":41}},{"start":{"line":11,"column":45},"end":{"line":11,"column":49}}]},"3":{"loc":{"start":{"line":12,"column":27},"end":{"line":12,"column":65}},"type":"binary-expr","locations":[{"start":{"line":12,"column":27},"end":{"line":12,"column":57}},{"start":{"line":12,"column":61},"end":{"line":12,"column":65}}]}},"s":{"0":2,"1":2,"2":2,"3":2,"4":2,"5":2,"6":10,"7":2,"8":2,"9":7,"10":2,"11":2,"12":13,"13":13,"14":7,"15":2,"16":2,"17":6,"18":6,"19":3,"20":2},"f":{"0":10,"1":7,"2":13,"3":6},"b":{"0":[2,2],"1":[2,2],"2":[2,2],"3":[2,2]}}
,"/Users/stacipeterson/サービス開発事業/clean-report/backend/src/utils/logger.ts": {"path":"/Users/stacipeterson/サービス開発事業/clean-report/backend/src/utils/logger.ts","statementMap":{"0":{"start":{"line":1,"column":0},"end":{"line":1,"column":30}},"1":{"start":{"line":3,"column":17},"end":{"line":3,"column":49}},"2":{"start":{"line":5,"column":13},"end":{"line":17,"column":3}},"3":{"start":{"line":20,"column":0},"end":{"line":27,"column":1}},"4":{"start":{"line":21,"column":2},"end":{"line":26,"column":6}}},"fnMap":{},"branchMap":{"0":{"loc":{"start":{"line":3,"column":17},"end":{"line":3,"column":49}},"type":"binary-expr","locations":[{"start":{"line":3,"column":17},"end":{"line":3,"column":38}},{"start":{"line":3,"column":42},"end":{"line":3,"column":49}}]},"1":{"loc":{"start":{"line":20,"column":0},"end":{"line":27,"column":1}},"type":"if","locations":[{"start":{"line":20,"column":0},"end":{"line":27,"column":1}}]}},"s":{"0":1,"1":1,"2":1,"3":1,"4":1},"f":{},"b":{"0":[1,1],"1":[1]}}
}
