TN:
SF:src/middleware/auth.ts
FN:9,(anonymous_0)
FNF:1
FNH:1
FNDA:8,(anonymous_0)
DA:2,1
DA:3,1
DA:9,1
DA:10,8
DA:11,8
DA:12,8
DA:13,2
DA:16,6
DA:17,6
DA:19,6
DA:20,4
DA:23,2
DA:24,2
DA:26,6
DA:27,6
DA:29,0
LF:16
LH:15
BRDA:12,0,0,2
BRDA:12,1,0,8
BRDA:12,1,1,7
BRDA:19,2,0,4
BRDA:26,3,0,6
BRF:5
BRH:5
end_of_record
TN:
SF:src/middleware/errorHandler.ts
FN:5,(anonymous_0)
FN:10,(anonymous_1)
FNF:2
FNH:1
FNDA:6,(anonymous_0)
FNDA:0,(anonymous_1)
DA:2,1
DA:4,1
DA:5,6
DA:6,6
DA:10,1
DA:16,0
DA:23,0
DA:25,0
DA:26,0
DA:32,0
LF:10
LH:5
BRDA:18,0,0,0
BRDA:18,0,1,0
BRDA:25,1,0,0
BRF:3
BRH:0
end_of_record
TN:
SF:src/utils/jwt.ts
FN:14,(anonymous_1)
FN:18,(anonymous_2)
FN:22,(anonymous_3)
FN:30,(anonymous_4)
FNF:4
FNH:4
FNDA:10,(anonymous_1)
FNDA:7,(anonymous_2)
FNDA:13,(anonymous_3)
FNDA:6,(anonymous_4)
DA:1,2
DA:9,2
DA:10,2
DA:11,2
DA:12,2
DA:14,2
DA:15,10
DA:18,2
DA:19,7
DA:22,2
DA:23,13
DA:24,13
DA:26,7
DA:30,2
DA:31,6
DA:32,6
DA:34,3
LF:17
LH:17
BRDA:9,0,0,2
BRDA:9,0,1,2
BRDA:10,1,0,2
BRDA:10,1,1,2
BRDA:11,2,0,2
BRDA:11,2,1,2
BRDA:12,3,0,2
BRDA:12,3,1,2
BRF:8
BRH:8
end_of_record
TN:
SF:src/utils/logger.ts
FNF:0
FNH:0
DA:1,1
DA:3,1
DA:5,1
DA:20,1
DA:21,1
LF:5
LH:5
BRDA:3,0,0,1
BRDA:3,0,1,1
BRDA:20,1,0,1
BRF:3
BRH:3
end_of_record
